<?xml version="1.0" encoding="UTF-8"?>
<!-- Generated by org.testng.reporters.JUnitXMLReporter -->
<testsuite ignored="0" hostname="DESKTOP-ICLD36V" failures="0" tests="5" name="Surefire test" time="45.609" errors="0" timestamp="2024-07-17T16:52:10 IST">
  <testcase classname="testsuite.Tests" name="Register" time="9.479"/>
  <testcase classname="testsuite.Tests" name="Search_with_valid_item" time="7.945"/>
  <testcase classname="testsuite.Tests" name="Search_with_invalid_item" time="7.978"/>
  <testcase classname="testsuite.Tests" name="Search_with_valid_criteria" time="8.234"/>
  <testcase classname="testsuite.Tests" name="Search_with_blank_text" time="3.988"/>
</testsuite> <!-- Surefire test -->
