<?xml version="1.0" encoding="UTF-8"?>
<!-- Generated by org.testng.reporters.JUnitXMLReporter -->
<testsuite ignored="0" hostname="DESKTOP-ICLD36V" failures="0" tests="6" name="Surefire test" time="47.1" errors="0" timestamp="2024-07-17T17:05:41 IST">
  <testcase classname="testsuite.Tests" name="Register" time="9.729"/>
  <testcase classname="testsuite.Tests" name="Search_with_valid_item" time="8.079"/>
  <testcase classname="testsuite.Tests" name="Search_with_invalid_item" time="8.05"/>
  <testcase classname="testsuite.Tests" name="Search_with_valid_criteria" time="8.164"/>
  <testcase classname="testsuite.Tests" name="Search_with_blank_text" time="3.995"/>
  <testcase classname="testsuite.Tests" name="Log_out" time="0.842"/>
</testsuite> <!-- Surefire test -->
