<?xml version="1.0" encoding="UTF-8"?>
<!-- Generated by org.testng.reporters.JUnitXMLReporter -->
<testsuite ignored="0" hostname="DESKTOP-ICLD36V" failures="0" tests="5" name="Default test" time="46.564" errors="0" timestamp="2024-07-17T15:21:36 IST">
  <testcase classname="testsuite.Tests" name="Register" time="9.67"/>
  <testcase classname="testsuite.Tests" name="Search_with_valid_item" time="7.961"/>
  <testcase classname="testsuite.Tests" name="Search_with_invalid_item" time="8.103"/>
  <testcase classname="testsuite.Tests" name="Search_with_valid_criteria" time="8.209"/>
  <testcase classname="testsuite.Tests" name="Search_with_blank_text" time="3.925"/>
</testsuite> <!-- Default test -->
