<?xml version="1.0" encoding="UTF-8"?>
<testsuite xmlns:xsi="http://www.w3.org/2001/XMLSchema-instance" xsi:noNamespaceSchemaLocation="https://maven.apache.org/surefire/maven-surefire-plugin/xsd/surefire-test-report-3.0.xsd" version="3.0" name="testsuite.Tests" time="46.236" tests="5" errors="0" skipped="0" failures="0">
  <properties>
[...]
</properties>
  <testcase name="Register" classname="testsuite.Tests" time="9.481"/>
  <testcase name="Search_with_valid_item" classname="testsuite.Tests" time="7.945"/>
  <testcase name="Search_with_invalid_item" classname="testsuite.Tests" time="7.978"/>
  <testcase name="Search_with_valid_criteria" classname="testsuite.Tests" time="8.233"/>
  <testcase name="Search_with_blank_text" classname="testsuite.Tests" time="3.989"/>
</testsuite>