<?xml version="1.0" encoding="UTF-8"?>
<testng-results ignored="0" total="6" passed="6" failed="0" skipped="0">
  <reporter-output>
  </reporter-output>
  <suite started-at="2024-07-17T17:04:54 IST" name="Surefire suite" finished-at="2024-07-17T17:05:41 IST" duration-ms="47100">
    <groups>
    </groups>
    <test started-at="2024-07-17T17:04:54 IST" name="Surefire test" finished-at="2024-07-17T17:05:41 IST" duration-ms="47100">
      <class name="testsuite.Tests">
        <test-method is-config="true" signature="setup()[pri:0, instance:testsuite.Tests@2928854b]" started-at="2024-07-17T17:04:54 IST" name="setup" finished-at="2024-07-17T17:05:01 IST" duration-ms="7346" status="PASS">
          <reporter-output>
          </reporter-output>
        </test-method> <!-- setup -->
        <test-method signature="Register()[pri:0, instance:testsuite.Tests@2928854b]" started-at="2024-07-17T17:05:01 IST" name="Register" finished-at="2024-07-17T17:05:11 IST" duration-ms="9729" status="PASS">
          <reporter-output>
          </reporter-output>
        </test-method> <!-- Register -->
        <test-method signature="Search_with_valid_item()[pri:0, instance:testsuite.Tests@2928854b]" started-at="2024-07-17T17:05:11 IST" name="Search_with_valid_item" finished-at="2024-07-17T17:05:19 IST" depends-on-methods="testsuite.Tests.Register" duration-ms="8079" status="PASS">
          <reporter-output>
          </reporter-output>
        </test-method> <!-- Search_with_valid_item -->
        <test-method signature="Search_with_invalid_item()[pri:0, instance:testsuite.Tests@2928854b]" started-at="2024-07-17T17:05:19 IST" name="Search_with_invalid_item" finished-at="2024-07-17T17:05:27 IST" depends-on-methods="testsuite.Tests.Search_with_valid_item" duration-ms="8050" status="PASS">
          <reporter-output>
          </reporter-output>
        </test-method> <!-- Search_with_invalid_item -->
        <test-method signature="Search_with_valid_criteria()[pri:0, instance:testsuite.Tests@2928854b]" started-at="2024-07-17T17:05:27 IST" name="Search_with_valid_criteria" finished-at="2024-07-17T17:05:35 IST" depends-on-methods="testsuite.Tests.Search_with_invalid_item" duration-ms="8164" status="PASS">
          <reporter-output>
          </reporter-output>
        </test-method> <!-- Search_with_valid_criteria -->
        <test-method signature="Search_with_blank_text()[pri:0, instance:testsuite.Tests@2928854b]" started-at="2024-07-17T17:05:35 IST" name="Search_with_blank_text" finished-at="2024-07-17T17:05:39 IST" depends-on-methods="testsuite.Tests.Search_with_valid_criteria" duration-ms="3995" status="PASS">
          <reporter-output>
          </reporter-output>
        </test-method> <!-- Search_with_blank_text -->
        <test-method signature="Log_out()[pri:0, instance:testsuite.Tests@2928854b]" started-at="2024-07-17T17:05:39 IST" name="Log_out" finished-at="2024-07-17T17:05:40 IST" depends-on-methods="testsuite.Tests.Search_with_blank_text" duration-ms="842" status="PASS">
          <reporter-output>
          </reporter-output>
        </test-method> <!-- Log_out -->
        <test-method is-config="true" signature="close()[pri:0, instance:testsuite.Tests@2928854b]" started-at="2024-07-17T17:05:40 IST" name="close" finished-at="2024-07-17T17:05:41 IST" duration-ms="822" status="PASS">
          <reporter-output>
          </reporter-output>
        </test-method> <!-- close -->
      </class> <!-- testsuite.Tests -->
    </test> <!-- Surefire test -->
  </suite> <!-- Surefire suite -->
</testng-results>
