<?xml version="1.0" encoding="UTF-8"?>
<testng-results ignored="0" total="5" passed="5" failed="0" skipped="0">
  <reporter-output>
  </reporter-output>
  <suite started-at="2024-07-17T16:51:24 IST" name="Surefire suite" finished-at="2024-07-17T16:52:10 IST" duration-ms="45609">
    <groups>
    </groups>
    <test started-at="2024-07-17T16:51:24 IST" name="Surefire test" finished-at="2024-07-17T16:52:10 IST" duration-ms="45609">
      <class name="testsuite.Tests">
        <test-method is-config="true" signature="setup()[pri:0, instance:testsuite.Tests@79efed2d]" started-at="2024-07-17T16:51:24 IST" name="setup" finished-at="2024-07-17T16:51:31 IST" duration-ms="7164" status="PASS">
          <reporter-output>
          </reporter-output>
        </test-method> <!-- setup -->
        <test-method signature="Register()[pri:0, instance:testsuite.Tests@79efed2d]" started-at="2024-07-17T16:51:31 IST" name="Register" finished-at="2024-07-17T16:51:41 IST" duration-ms="9479" status="PASS">
          <reporter-output>
          </reporter-output>
        </test-method> <!-- Register -->
        <test-method signature="Search_with_valid_item()[pri:0, instance:testsuite.Tests@79efed2d]" started-at="2024-07-17T16:51:41 IST" name="Search_with_valid_item" finished-at="2024-07-17T16:51:49 IST" depends-on-methods="testsuite.Tests.Register" duration-ms="7945" status="PASS">
          <reporter-output>
          </reporter-output>
        </test-method> <!-- Search_with_valid_item -->
        <test-method signature="Search_with_invalid_item()[pri:0, instance:testsuite.Tests@79efed2d]" started-at="2024-07-17T16:51:49 IST" name="Search_with_invalid_item" finished-at="2024-07-17T16:51:57 IST" depends-on-methods="testsuite.Tests.Search_with_valid_item" duration-ms="7978" status="PASS">
          <reporter-output>
          </reporter-output>
        </test-method> <!-- Search_with_invalid_item -->
        <test-method signature="Search_with_valid_criteria()[pri:0, instance:testsuite.Tests@79efed2d]" started-at="2024-07-17T16:51:57 IST" name="Search_with_valid_criteria" finished-at="2024-07-17T16:52:05 IST" depends-on-methods="testsuite.Tests.Search_with_invalid_item" duration-ms="8234" status="PASS">
          <reporter-output>
          </reporter-output>
        </test-method> <!-- Search_with_valid_criteria -->
        <test-method signature="Search_with_blank_text()[pri:0, instance:testsuite.Tests@79efed2d]" started-at="2024-07-17T16:52:05 IST" name="Search_with_blank_text" finished-at="2024-07-17T16:52:09 IST" depends-on-methods="testsuite.Tests.Search_with_valid_criteria" duration-ms="3988" status="PASS">
          <reporter-output>
          </reporter-output>
        </test-method> <!-- Search_with_blank_text -->
        <test-method is-config="true" signature="close()[pri:0, instance:testsuite.Tests@79efed2d]" started-at="2024-07-17T16:52:09 IST" name="close" finished-at="2024-07-17T16:52:10 IST" duration-ms="767" status="PASS">
          <reporter-output>
          </reporter-output>
        </test-method> <!-- close -->
      </class> <!-- testsuite.Tests -->
    </test> <!-- Surefire test -->
  </suite> <!-- Surefire suite -->
</testng-results>
