<?xml version="1.0" encoding="UTF-8"?>
<testng-results ignored="0" total="2" passed="2" failed="0" skipped="0">
  <reporter-output>
  </reporter-output>
  <suite started-at="2024-07-17T13:11:12 IST" name="Default suite" finished-at="2024-07-17T13:11:51 IST" duration-ms="39507">
    <groups>
    </groups>
    <test started-at="2024-07-17T13:11:12 IST" name="Default test" finished-at="2024-07-17T13:11:51 IST" duration-ms="39507">
      <class name="testsuite.Tests">
        <test-method is-config="true" signature="setup()[pri:0, instance:testsuite.Tests@368247b9]" started-at="2024-07-17T13:11:12 IST" name="setup" finished-at="2024-07-17T13:11:16 IST" duration-ms="3830" status="PASS">
          <reporter-output>
          </reporter-output>
        </test-method> <!-- setup -->
        <test-method signature="Register()[pri:0, instance:testsuite.Tests@368247b9]" started-at="2024-07-17T13:11:16 IST" name="Register" finished-at="2024-07-17T13:11:31 IST" duration-ms="14832" status="PASS">
          <reporter-output>
          </reporter-output>
        </test-method> <!-- Register -->
        <test-method signature="Search_function()[pri:0, instance:testsuite.Tests@368247b9]" started-at="2024-07-17T13:11:31 IST" name="Search_function" finished-at="2024-07-17T13:11:51 IST" depends-on-methods="testsuite.Tests.Register" duration-ms="20341" status="PASS">
          <reporter-output>
          </reporter-output>
        </test-method> <!-- Search_function -->
        <test-method is-config="true" signature="close()[pri:0, instance:testsuite.Tests@368247b9]" started-at="2024-07-17T13:11:51 IST" name="close" finished-at="2024-07-17T13:11:51 IST" duration-ms="438" status="PASS">
          <reporter-output>
          </reporter-output>
        </test-method> <!-- close -->
      </class> <!-- testsuite.Tests -->
    </test> <!-- Default test -->
  </suite> <!-- Default suite -->
</testng-results>
