<?xml version="1.0" encoding="UTF-8"?>
<testng-results ignored="0" total="5" passed="5" failed="0" skipped="0">
  <reporter-output>
  </reporter-output>
  <suite started-at="2024-07-17T16:09:50 IST" name="Default suite" finished-at="2024-07-17T16:10:37 IST" duration-ms="47554">
    <groups>
    </groups>
    <test started-at="2024-07-17T16:09:50 IST" name="Default test" finished-at="2024-07-17T16:10:37 IST" duration-ms="47554">
      <class name="testsuite.Tests">
        <test-method is-config="true" signature="setup()[pri:0, instance:testsuite.Tests@55a147cc]" started-at="2024-07-17T16:09:50 IST" name="setup" finished-at="2024-07-17T16:09:58 IST" duration-ms="8612" status="PASS">
          <reporter-output>
          </reporter-output>
        </test-method> <!-- setup -->
        <test-method signature="Register()[pri:0, instance:testsuite.Tests@55a147cc]" started-at="2024-07-17T16:09:58 IST" name="Register" finished-at="2024-07-17T16:10:08 IST" duration-ms="9867" status="PASS">
          <reporter-output>
          </reporter-output>
        </test-method> <!-- Register -->
        <test-method signature="Search_with_valid_item()[pri:0, instance:testsuite.Tests@55a147cc]" started-at="2024-07-17T16:10:08 IST" name="Search_with_valid_item" finished-at="2024-07-17T16:10:16 IST" depends-on-methods="testsuite.Tests.Register" duration-ms="8002" status="PASS">
          <reporter-output>
          </reporter-output>
        </test-method> <!-- Search_with_valid_item -->
        <test-method signature="Search_with_invalid_item()[pri:0, instance:testsuite.Tests@55a147cc]" started-at="2024-07-17T16:10:16 IST" name="Search_with_invalid_item" finished-at="2024-07-17T16:10:24 IST" depends-on-methods="testsuite.Tests.Search_with_valid_item" duration-ms="8054" status="PASS">
          <reporter-output>
          </reporter-output>
        </test-method> <!-- Search_with_invalid_item -->
        <test-method signature="Search_with_valid_criteria()[pri:0, instance:testsuite.Tests@55a147cc]" started-at="2024-07-17T16:10:24 IST" name="Search_with_valid_criteria" finished-at="2024-07-17T16:10:32 IST" depends-on-methods="testsuite.Tests.Search_with_invalid_item" duration-ms="8174" status="PASS">
          <reporter-output>
          </reporter-output>
        </test-method> <!-- Search_with_valid_criteria -->
        <test-method signature="Search_with_blank_text()[pri:0, instance:testsuite.Tests@55a147cc]" started-at="2024-07-17T16:10:32 IST" name="Search_with_blank_text" finished-at="2024-07-17T16:10:36 IST" depends-on-methods="testsuite.Tests.Search_with_valid_criteria" duration-ms="3917" status="PASS">
          <reporter-output>
          </reporter-output>
        </test-method> <!-- Search_with_blank_text -->
        <test-method is-config="true" signature="close()[pri:0, instance:testsuite.Tests@55a147cc]" started-at="2024-07-17T16:10:36 IST" name="close" finished-at="2024-07-17T16:10:37 IST" duration-ms="862" status="PASS">
          <reporter-output>
          </reporter-output>
        </test-method> <!-- close -->
      </class> <!-- testsuite.Tests -->
    </test> <!-- Default test -->
  </suite> <!-- Default suite -->
</testng-results>
